<?xml version="1.0" encoding="UTF-8"?>
<!-- Generated by org.testng.reporters.JUnitReportReporter -->
<testsuite skipped="0" hostname="Ke1io-ПК" name="fb.DataCollectorProject.MainTest" tests="1" failures="0" timestamp="2019-09-25T23:10:17 GMT+04:00" time="28.579" errors="0">
  <testcase name="testMethod" time="28.579" classname="fb.DataCollectorProject.MainTest"/>
</testsuite> <!-- fb.DataCollectorProject.MainTest -->
